TN:
SF:/Users/jasonamartin/Dev/Training/microlibrary/microlibrary/dist/index.js
FN:11,_interopRequireDefault
FN:16,letterList
FNF:2
FNH:2
FNDA:2,_interopRequireDefault
FNDA:2,letterList
DA:3,1
DA:5,1
DA:7,1
DA:9,1
DA:11,2
DA:13,1
DA:17,2
DA:18,2
DA:19,2
DA:20,2
DA:22,2
DA:23,2
DA:24,78
DA:26,78
DA:29,0
DA:30,0
DA:32,2
DA:33,2
DA:34,0
DA:37,2
DA:38,0
DA:43,2
LF:22
LH:18
BRDA:11,1,0,0
BRDA:11,1,1,2
BRDA:11,2,0,2
BRDA:11,2,1,2
BRDA:26,3,0,12
BRDA:26,3,1,66
BRDA:33,4,0,0
BRDA:33,4,1,2
BRDA:33,5,0,2
BRDA:33,5,1,0
BRDA:37,6,0,0
BRDA:37,6,1,2
BRF:12
BRH:8
end_of_record
